{"email":"dsvgd@fds.fds","ip":"::1","level":"info","message":"Login attempt","timestamp":"2025-03-16T20:48:48.205Z"}
{"email":"dsvgd@fds.fds","level":"warn","message":"Invalid login attempt: admin not found","timestamp":"2025-03-16T20:48:48.297Z"}
{"email":"rayen1ouertani@gmail.com","ip":"::1","level":"info","message":"Login attempt","timestamp":"2025-03-16T20:49:10.300Z"}
{"email":"rayen1ouertani@gmail.com","level":"warn","message":"Invalid login attempt: wrong password","timestamp":"2025-03-16T20:49:10.727Z"}
{"email":"rayen1ouertani@gmail.com","ip":"::1","level":"info","message":"Login attempt","timestamp":"2025-03-16T20:49:32.425Z"}
{"adminId":"67cec3ec625e2d46982a196e","level":"info","message":"OTP generated and saved for admin","timestamp":"2025-03-16T20:49:32.910Z"}
{"email":"rayen1ouertani@gmail.com","level":"info","message":"OTP email sent","timestamp":"2025-03-16T20:49:34.770Z"}
{"adminId":"67cec3ec625e2d46982a196e","level":"info","message":"New admin session created","sessionId":"96ce71b675e13e60ad767be9614974e0","timestamp":"2025-03-16T20:49:48.575Z"}
{"adminId":"67cec3ec625e2d46982a196e","level":"info","message":"OTP verified successfully. Admin logged in","timestamp":"2025-03-16T20:49:48.679Z"}
{"adminId":"67d739b27cd4b804b4bd0e99","email":"xcv@gmail.com","level":"info","message":"New admin registered","timestamp":"2025-03-16T20:50:58.920Z"}
{"email":"xcv@gmail.com","level":"info","message":"Registration email sent","timestamp":"2025-03-16T20:51:01.145Z"}
{"email":"rayen1ouertani@gmail.com","ip":"::1","level":"info","message":"Login attempt","timestamp":"2025-03-16T23:08:45.789Z"}
{"adminId":"67cec3ec625e2d46982a196e","level":"info","message":"OTP generated and saved for admin","timestamp":"2025-03-16T23:08:47.181Z"}
{"email":"rayen1ouertani@gmail.com","level":"info","message":"OTP email sent","timestamp":"2025-03-16T23:08:49.052Z"}
{"adminId":"67cec3ec625e2d46982a196e","level":"info","message":"New admin session created","sessionId":"a4f344cbec207ad074761dadb0feb0a4","timestamp":"2025-03-16T23:09:15.351Z"}
{"adminId":"67cec3ec625e2d46982a196e","level":"info","message":"OTP verified successfully. Admin logged in","timestamp":"2025-03-16T23:09:15.443Z"}
{"email":"khemirioussama00@gmail.com","ip":"::1","level":"info","message":"Login attempt","timestamp":"2025-03-16T23:48:22.411Z"}
{"adminId":"67cec467625e2d46982a197f","level":"info","message":"OTP generated and saved for admin","timestamp":"2025-03-16T23:48:22.730Z"}
{"email":"khemirioussama00@gmail.com","level":"info","message":"OTP email sent","timestamp":"2025-03-16T23:48:24.332Z"}
{"adminId":"67cec467625e2d46982a197f","level":"info","message":"New admin session created","sessionId":"81426c861cbd4ea91bb8fd6a3c03f107","timestamp":"2025-03-16T23:48:39.778Z"}
{"adminId":"67cec467625e2d46982a197f","level":"info","message":"OTP verified successfully. Admin logged in","timestamp":"2025-03-16T23:48:39.861Z"}
{"adminId":"67cec467625e2d46982a197f","level":"info","message":"Admin logged out","timestamp":"2025-03-16T23:55:46.468Z"}
{"email":"khemirioussama00@gmail.com","ip":"::1","level":"info","message":"Login attempt","timestamp":"2025-03-16T23:55:58.383Z"}
{"adminId":"67cec467625e2d46982a197f","level":"info","message":"OTP generated and saved for admin","timestamp":"2025-03-16T23:55:58.674Z"}
{"email":"khemirioussama00@gmail.com","level":"info","message":"OTP email sent","timestamp":"2025-03-16T23:56:00.199Z"}
{"adminId":"67cec467625e2d46982a197f","level":"info","message":"New admin session created","sessionId":"08954f89b07206b12b082e80936b2645","timestamp":"2025-03-16T23:56:14.413Z"}
{"adminId":"67cec467625e2d46982a197f","level":"info","message":"OTP verified successfully. Admin logged in","timestamp":"2025-03-16T23:56:14.497Z"}
{"adminId":"67cec467625e2d46982a197f","level":"info","message":"Admin logged out","timestamp":"2025-03-16T23:57:48.428Z"}
{"email":"khemirioussama00@gmail.com","ip":"::1","level":"info","message":"Login attempt","timestamp":"2025-03-16T23:57:57.563Z"}
{"adminId":"67cec467625e2d46982a197f","level":"info","message":"OTP generated and saved for admin","timestamp":"2025-03-16T23:57:57.907Z"}
{"email":"khemirioussama00@gmail.com","level":"info","message":"OTP email sent","timestamp":"2025-03-16T23:57:59.978Z"}
{"adminId":"67cec467625e2d46982a197f","level":"info","message":"New admin session created","sessionId":"73167aa85919273243b344b3168203e1","timestamp":"2025-03-16T23:58:08.935Z"}
{"adminId":"67cec467625e2d46982a197f","level":"info","message":"OTP verified successfully. Admin logged in","timestamp":"2025-03-16T23:58:09.023Z"}
{"error":{"_message":"Validation failed","errors":{"password":{"kind":"required","message":"Path `password` is required.","name":"ValidatorError","path":"password","properties":{"fullPath":"password","message":"Path `password` is required.","path":"password","type":"required","value":""},"value":""}},"message":"Validation failed: password: Path `password` is required.","name":"ValidationError"},"level":"error","message":"Admin update error","timestamp":"2025-03-17T00:37:39.041Z"}
{"error":{"_message":"Validation failed","errors":{"password":{"kind":"required","message":"Path `password` is required.","name":"ValidatorError","path":"password","properties":{"fullPath":"password","message":"Path `password` is required.","path":"password","type":"required","value":""},"value":""}},"message":"Validation failed: password: Path `password` is required.","name":"ValidationError"},"level":"error","message":"Admin update error","timestamp":"2025-03-17T00:37:44.568Z"}
{"error":{"_message":"Validation failed","errors":{"password":{"kind":"required","message":"Path `password` is required.","name":"ValidatorError","path":"password","properties":{"fullPath":"password","message":"Path `password` is required.","path":"password","type":"required","value":""},"value":""}},"message":"Validation failed: password: Path `password` is required.","name":"ValidationError"},"level":"error","message":"Admin update error","timestamp":"2025-03-17T00:38:15.980Z"}
{"adminId":"67cec3ec625e2d46982a196e","level":"info","message":"Admin updated successfully","timestamp":"2025-03-17T00:48:08.260Z"}
{"adminId":"67cec3ec625e2d46982a196e","level":"info","message":"Admin updated successfully","timestamp":"2025-03-17T00:48:32.214Z"}
{"adminId":"67cec3ec625e2d46982a196e","changes":{"name":{"new":"Rayen Ouertanii","old":"Rayen Ouertani"}},"level":"info","message":"Admin updated successfully","timestamp":"2025-03-17T00:55:20.417Z"}
{"adminId":"67cec3ec625e2d46982a196e","changes":{"cin":{"new":"12380894","old":"12380895"},"name":{"new":"Rayen Ouertani","old":"Rayen Ouertanii"}},"level":"info","message":"Admin updated successfully","timestamp":"2025-03-17T01:01:32.697Z"}
{"email":"rayen1ouertani@gmail.com","ip":"::1","level":"info","message":"Login attempt","timestamp":"2025-03-17T18:37:57.405Z"}
{"adminId":"67cec3ec625e2d46982a196e","level":"info","message":"OTP generated and saved for admin","timestamp":"2025-03-17T18:37:58.418Z"}
{"email":"rayen1ouertani@gmail.com","level":"info","message":"OTP email sent","timestamp":"2025-03-17T18:38:00.186Z"}
{"adminId":"67cec3ec625e2d46982a196e","level":"info","message":"New admin session created","sessionId":"df92977f4785dd32220dd02647ca668f","timestamp":"2025-03-17T18:38:14.391Z"}
{"adminId":"67cec3ec625e2d46982a196e","level":"info","message":"OTP verified successfully. Admin logged in","timestamp":"2025-03-17T18:38:14.497Z"}
